INFO - 2024-06-10 03:43:21 --> Session: Class initialized using 'CodeIgniter\Session\Handlers\FileHandler' driver.
INFO - 2024-06-10 03:43:48 --> Session: Class initialized using 'CodeIgniter\Session\Handlers\FileHandler' driver.
INFO - 2024-06-10 03:43:49 --> Session: Class initialized using 'CodeIgniter\Session\Handlers\FileHandler' driver.
INFO - 2024-06-10 03:44:05 --> Session: Class initialized using 'CodeIgniter\Session\Handlers\FileHandler' driver.
INFO - 2024-06-10 03:44:06 --> Session: Class initialized using 'CodeIgniter\Session\Handlers\FileHandler' driver.
DEBUG - 2024-06-10 03:44:23 --> Email: email2@gmail.com
DEBUG - 2024-06-10 03:44:23 --> Password: 12345678
INFO - 2024-06-10 03:44:23 --> Session: Class initialized using 'CodeIgniter\Session\Handlers\FileHandler' driver.
INFO - 2024-06-10 03:45:13 --> Session: Class initialized using 'CodeIgniter\Session\Handlers\FileHandler' driver.
ERROR - 2024-06-10 03:45:37 --> mysqli_sql_exception: Unknown column 'created_at' in 'field list' in D:\laragon\www\LAPORANPRAKTIKUM6\vendor\codeigniter4\framework\system\Database\MySQLi\Connection.php:308
Stack trace:
#0 D:\laragon\www\LAPORANPRAKTIKUM6\vendor\codeigniter4\framework\system\Database\MySQLi\Connection.php(308): mysqli->query('INSERT INTO `bu...', 0)
#1 D:\laragon\www\LAPORANPRAKTIKUM6\vendor\codeigniter4\framework\system\Database\BaseConnection.php(722): CodeIgniter\Database\MySQLi\Connection->execute('INSERT INTO `bu...')
#2 D:\laragon\www\LAPORANPRAKTIKUM6\vendor\codeigniter4\framework\system\Database\BaseConnection.php(636): CodeIgniter\Database\BaseConnection->simpleQuery('INSERT INTO `bu...')
#3 D:\laragon\www\LAPORANPRAKTIKUM6\vendor\codeigniter4\framework\system\Database\BaseBuilder.php(2325): CodeIgniter\Database\BaseConnection->query('INSERT INTO `bu...', Array, false)
#4 D:\laragon\www\LAPORANPRAKTIKUM6\vendor\codeigniter4\framework\system\Model.php(383): CodeIgniter\Database\BaseBuilder->insert()
#5 D:\laragon\www\LAPORANPRAKTIKUM6\vendor\codeigniter4\framework\system\BaseModel.php(840): CodeIgniter\Model->doInsert(Array)
#6 D:\laragon\www\LAPORANPRAKTIKUM6\vendor\codeigniter4\framework\system\Model.php(791): CodeIgniter\BaseModel->insert(Array, true)
#7 D:\laragon\www\LAPORANPRAKTIKUM6\app\Controllers\BukuController.php(27): CodeIgniter\Model->insert(Array)
#8 D:\laragon\www\LAPORANPRAKTIKUM6\vendor\codeigniter4\framework\system\CodeIgniter.php(933): App\Controllers\BukuController->store()
#9 D:\laragon\www\LAPORANPRAKTIKUM6\vendor\codeigniter4\framework\system\CodeIgniter.php(509): CodeIgniter\CodeIgniter->runController(Object(App\Controllers\BukuController))
#10 D:\laragon\www\LAPORANPRAKTIKUM6\vendor\codeigniter4\framework\system\CodeIgniter.php(355): CodeIgniter\CodeIgniter->handleRequest(NULL, Object(Config\Cache), false)
#11 D:\laragon\www\LAPORANPRAKTIKUM6\vendor\codeigniter4\framework\system\Boot.php(312): CodeIgniter\CodeIgniter->run()
#12 D:\laragon\www\LAPORANPRAKTIKUM6\vendor\codeigniter4\framework\system\Boot.php(67): CodeIgniter\Boot::runCodeIgniter(Object(CodeIgniter\CodeIgniter))
#13 D:\laragon\www\LAPORANPRAKTIKUM6\public\index.php(56): CodeIgniter\Boot::bootWeb(Object(Config\Paths))
#14 D:\laragon\www\LAPORANPRAKTIKUM6\vendor\codeigniter4\framework\system\Commands\Server\rewrite.php(49): require_once('D:\\laragon\\www\\...')
#15 {main}
CRITICAL - 2024-06-10 03:45:37 --> CodeIgniter\Database\Exceptions\DatabaseException: Unknown column 'created_at' in 'field list'
[Method: POST, Route: buku/store]
in SYSTEMPATH\Database\BaseConnection.php on line 676.
 1 SYSTEMPATH\Database\BaseBuilder.php(2325): CodeIgniter\Database\BaseConnection->query('INSERT INTO `buku` (`judul`, `penulis`, `penerbit`, `tahun_terbit`, `created_at`, `updated_at`) VALUES (:judul:, :penulis:, :penerbit:, :tahun_terbit:, :created_at:, :updated_at:)', [...], false)
 2 SYSTEMPATH\Model.php(383): CodeIgniter\Database\BaseBuilder->insert()
 3 SYSTEMPATH\BaseModel.php(840): CodeIgniter\Model->doInsert([...])
 4 SYSTEMPATH\Model.php(791): CodeIgniter\BaseModel->insert([...], true)
 5 APPPATH\Controllers\BukuController.php(27): CodeIgniter\Model->insert([...])
 6 SYSTEMPATH\CodeIgniter.php(933): App\Controllers\BukuController->store()
 7 SYSTEMPATH\CodeIgniter.php(509): CodeIgniter\CodeIgniter->runController(Object(App\Controllers\BukuController))
 8 SYSTEMPATH\CodeIgniter.php(355): CodeIgniter\CodeIgniter->handleRequest(null, Object(Config\Cache), false)
 9 SYSTEMPATH\Boot.php(312): CodeIgniter\CodeIgniter->run()
10 SYSTEMPATH\Boot.php(67): CodeIgniter\Boot::runCodeIgniter(Object(CodeIgniter\CodeIgniter))
11 FCPATH\index.php(56): CodeIgniter\Boot::bootWeb(Object(Config\Paths))
12 SYSTEMPATH\Commands\Server\rewrite.php(49): require_once('D:\\laragon\\www\\LAPORANPRAKTIKUM6\\public\\index.php')
CRITICAL - 2024-06-10 03:45:37 --> [Caused by] CodeIgniter\Database\Exceptions\DatabaseException: Unknown column 'created_at' in 'field list'
in SYSTEMPATH\Database\MySQLi\Connection.php on line 313.
 1 SYSTEMPATH\Database\BaseConnection.php(722): CodeIgniter\Database\MySQLi\Connection->execute('INSERT INTO `buku` (`judul`, `penulis`, `penerbit`, `tahun_terbit`, `created_at`, `updated_at`) VALUES (\'judul1\', \'penulis1\', \'penerbit1\', \'1999\', \'2024-06-10 03:45:37\', \'2024-06-10 03:45:37\')')
 2 SYSTEMPATH\Database\BaseConnection.php(636): CodeIgniter\Database\BaseConnection->simpleQuery('INSERT INTO `buku` (`judul`, `penulis`, `penerbit`, `tahun_terbit`, `created_at`, `updated_at`) VALUES (\'judul1\', \'penulis1\', \'penerbit1\', \'1999\', \'2024-06-10 03:45:37\', \'2024-06-10 03:45:37\')')
 3 SYSTEMPATH\Database\BaseBuilder.php(2325): CodeIgniter\Database\BaseConnection->query('INSERT INTO `buku` (`judul`, `penulis`, `penerbit`, `tahun_terbit`, `created_at`, `updated_at`) VALUES (:judul:, :penulis:, :penerbit:, :tahun_terbit:, :created_at:, :updated_at:)', [...], false)
 4 SYSTEMPATH\Model.php(383): CodeIgniter\Database\BaseBuilder->insert()
 5 SYSTEMPATH\BaseModel.php(840): CodeIgniter\Model->doInsert([...])
 6 SYSTEMPATH\Model.php(791): CodeIgniter\BaseModel->insert([...], true)
 7 APPPATH\Controllers\BukuController.php(27): CodeIgniter\Model->insert([...])
 8 SYSTEMPATH\CodeIgniter.php(933): App\Controllers\BukuController->store()
 9 SYSTEMPATH\CodeIgniter.php(509): CodeIgniter\CodeIgniter->runController(Object(App\Controllers\BukuController))
10 SYSTEMPATH\CodeIgniter.php(355): CodeIgniter\CodeIgniter->handleRequest(null, Object(Config\Cache), false)
11 SYSTEMPATH\Boot.php(312): CodeIgniter\CodeIgniter->run()
12 SYSTEMPATH\Boot.php(67): CodeIgniter\Boot::runCodeIgniter(Object(CodeIgniter\CodeIgniter))
13 FCPATH\index.php(56): CodeIgniter\Boot::bootWeb(Object(Config\Paths))
14 SYSTEMPATH\Commands\Server\rewrite.php(49): require_once('D:\\laragon\\www\\LAPORANPRAKTIKUM6\\public\\index.php')
CRITICAL - 2024-06-10 03:45:37 --> [Caused by] mysqli_sql_exception: Unknown column 'created_at' in 'field list'
in SYSTEMPATH\Database\MySQLi\Connection.php on line 308.
 1 SYSTEMPATH\Database\MySQLi\Connection.php(308): mysqli->query('INSERT INTO `buku` (`judul`, `penulis`, `penerbit`, `tahun_terbit`, `created_at`, `updated_at`) VALUES (\'judul1\', \'penulis1\', \'penerbit1\', \'1999\', \'2024-06-10 03:45:37\', \'2024-06-10 03:45:37\')', 0)
 2 SYSTEMPATH\Database\BaseConnection.php(722): CodeIgniter\Database\MySQLi\Connection->execute('INSERT INTO `buku` (`judul`, `penulis`, `penerbit`, `tahun_terbit`, `created_at`, `updated_at`) VALUES (\'judul1\', \'penulis1\', \'penerbit1\', \'1999\', \'2024-06-10 03:45:37\', \'2024-06-10 03:45:37\')')
 3 SYSTEMPATH\Database\BaseConnection.php(636): CodeIgniter\Database\BaseConnection->simpleQuery('INSERT INTO `buku` (`judul`, `penulis`, `penerbit`, `tahun_terbit`, `created_at`, `updated_at`) VALUES (\'judul1\', \'penulis1\', \'penerbit1\', \'1999\', \'2024-06-10 03:45:37\', \'2024-06-10 03:45:37\')')
 4 SYSTEMPATH\Database\BaseBuilder.php(2325): CodeIgniter\Database\BaseConnection->query('INSERT INTO `buku` (`judul`, `penulis`, `penerbit`, `tahun_terbit`, `created_at`, `updated_at`) VALUES (:judul:, :penulis:, :penerbit:, :tahun_terbit:, :created_at:, :updated_at:)', [...], false)
 5 SYSTEMPATH\Model.php(383): CodeIgniter\Database\BaseBuilder->insert()
 6 SYSTEMPATH\BaseModel.php(840): CodeIgniter\Model->doInsert([...])
 7 SYSTEMPATH\Model.php(791): CodeIgniter\BaseModel->insert([...], true)
 8 APPPATH\Controllers\BukuController.php(27): CodeIgniter\Model->insert([...])
 9 SYSTEMPATH\CodeIgniter.php(933): App\Controllers\BukuController->store()
10 SYSTEMPATH\CodeIgniter.php(509): CodeIgniter\CodeIgniter->runController(Object(App\Controllers\BukuController))
11 SYSTEMPATH\CodeIgniter.php(355): CodeIgniter\CodeIgniter->handleRequest(null, Object(Config\Cache), false)
12 SYSTEMPATH\Boot.php(312): CodeIgniter\CodeIgniter->run()
13 SYSTEMPATH\Boot.php(67): CodeIgniter\Boot::runCodeIgniter(Object(CodeIgniter\CodeIgniter))
14 FCPATH\index.php(56): CodeIgniter\Boot::bootWeb(Object(Config\Paths))
15 SYSTEMPATH\Commands\Server\rewrite.php(49): require_once('D:\\laragon\\www\\LAPORANPRAKTIKUM6\\public\\index.php')
INFO - 2024-06-10 04:01:06 --> Session: Class initialized using 'CodeIgniter\Session\Handlers\FileHandler' driver.
DEBUG - 2024-06-10 04:01:21 --> Email: email2@gmail.com
DEBUG - 2024-06-10 04:01:21 --> Password: 12345678
INFO - 2024-06-10 04:01:21 --> Session: Class initialized using 'CodeIgniter\Session\Handlers\FileHandler' driver.
INFO - 2024-06-10 04:01:23 --> Session: Class initialized using 'CodeIgniter\Session\Handlers\FileHandler' driver.
DEBUG - 2024-06-10 04:01:43 --> Email: email2@gmail.com
DEBUG - 2024-06-10 04:01:43 --> Password: 12345678
INFO - 2024-06-10 04:01:43 --> Session: Class initialized using 'CodeIgniter\Session\Handlers\FileHandler' driver.
INFO - 2024-06-10 04:01:44 --> Session: Class initialized using 'CodeIgniter\Session\Handlers\FileHandler' driver.
INFO - 2024-06-10 04:03:47 --> Session: Class initialized using 'CodeIgniter\Session\Handlers\FileHandler' driver.
INFO - 2024-06-10 04:04:14 --> Session: Class initialized using 'CodeIgniter\Session\Handlers\FileHandler' driver.
INFO - 2024-06-10 04:04:15 --> Session: Class initialized using 'CodeIgniter\Session\Handlers\FileHandler' driver.
DEBUG - 2024-06-10 04:04:28 --> Email: 2210817210032@mhs.ulm.ac.id
DEBUG - 2024-06-10 04:04:28 --> Password: 12345678
INFO - 2024-06-10 04:04:29 --> Session: Class initialized using 'CodeIgniter\Session\Handlers\FileHandler' driver.
INFO - 2024-06-10 04:05:04 --> Session: Class initialized using 'CodeIgniter\Session\Handlers\FileHandler' driver.
INFO - 2024-06-10 04:05:06 --> Session: Class initialized using 'CodeIgniter\Session\Handlers\FileHandler' driver.
DEBUG - 2024-06-10 04:05:19 --> Email: 2210817210032@mhs.ulm.ac.id
DEBUG - 2024-06-10 04:05:19 --> Password: 12345678
INFO - 2024-06-10 04:05:20 --> Session: Class initialized using 'CodeIgniter\Session\Handlers\FileHandler' driver.
INFO - 2024-06-10 04:07:41 --> Session: Class initialized using 'CodeIgniter\Session\Handlers\FileHandler' driver.
INFO - 2024-06-10 04:07:42 --> Session: Class initialized using 'CodeIgniter\Session\Handlers\FileHandler' driver.
INFO - 2024-06-10 04:07:53 --> Session: Class initialized using 'CodeIgniter\Session\Handlers\FileHandler' driver.
INFO - 2024-06-10 04:07:54 --> Session: Class initialized using 'CodeIgniter\Session\Handlers\FileHandler' driver.
INFO - 2024-06-10 05:00:02 --> Session: Class initialized using 'CodeIgniter\Session\Handlers\FileHandler' driver.
INFO - 2024-06-10 05:23:47 --> Session: Class initialized using 'CodeIgniter\Session\Handlers\FileHandler' driver.
INFO - 2024-06-10 05:24:03 --> Session: Class initialized using 'CodeIgniter\Session\Handlers\FileHandler' driver.
DEBUG - 2024-06-10 05:24:14 --> Email: 2210817210032@mhs.ulm.ac.id
DEBUG - 2024-06-10 05:24:14 --> Password: 12345678
INFO - 2024-06-10 05:24:16 --> Session: Class initialized using 'CodeIgniter\Session\Handlers\FileHandler' driver.
INFO - 2024-06-10 05:27:38 --> Session: Class initialized using 'CodeIgniter\Session\Handlers\FileHandler' driver.
DEBUG - 2024-06-10 05:27:47 --> Email: 2210817210032@mhs.ulm.ac.id
DEBUG - 2024-06-10 05:27:47 --> Password: 12345678
INFO - 2024-06-10 05:27:47 --> Session: Class initialized using 'CodeIgniter\Session\Handlers\FileHandler' driver.
INFO - 2024-06-10 05:27:54 --> Session: Class initialized using 'CodeIgniter\Session\Handlers\FileHandler' driver.
INFO - 2024-06-10 05:27:56 --> Session: Class initialized using 'CodeIgniter\Session\Handlers\FileHandler' driver.
INFO - 2024-06-10 13:27:51 --> Session: Class initialized using 'CodeIgniter\Session\Handlers\FileHandler' driver.
CRITICAL - 2024-06-10 13:27:51 --> ErrorException: Undefined variable $title
[Method: GET, Route: login]
in APPPATH\Views\layouts\main.php on line 9.
 1 APPPATH\Views\layouts\main.php(9): CodeIgniter\Debug\Exceptions->errorHandler(2, 'Undefined variable $title', 'D:\\laragon\\www\\LAPORANPRAKTIKUM6\\app\\Views\\layouts\\main.php', 9)
 2 SYSTEMPATH\View\View.php(234): include('D:\\laragon\\www\\LAPORANPRAKTIKUM6\\app\\Views\\layouts\\main.php')
 3 SYSTEMPATH\View\View.php(237): CodeIgniter\View\View->CodeIgniter\View\{closure}()
 4 SYSTEMPATH\View\View.php(250): CodeIgniter\View\View->render('layouts/main', [], true)
 5 SYSTEMPATH\Common.php(1171): CodeIgniter\View\View->render('auth/login', [], true)
 6 APPPATH\Controllers\LoginController.php(13): view('auth/login')
 7 SYSTEMPATH\CodeIgniter.php(933): App\Controllers\LoginController->index()
 8 SYSTEMPATH\CodeIgniter.php(509): CodeIgniter\CodeIgniter->runController(Object(App\Controllers\LoginController))
 9 SYSTEMPATH\CodeIgniter.php(355): CodeIgniter\CodeIgniter->handleRequest(null, Object(Config\Cache), false)
10 SYSTEMPATH\Boot.php(312): CodeIgniter\CodeIgniter->run()
11 SYSTEMPATH\Boot.php(67): CodeIgniter\Boot::runCodeIgniter(Object(CodeIgniter\CodeIgniter))
12 FCPATH\index.php(56): CodeIgniter\Boot::bootWeb(Object(Config\Paths))
13 SYSTEMPATH\Commands\Server\rewrite.php(49): require_once('D:\\laragon\\www\\LAPORANPRAKTIKUM6\\public\\index.php')
INFO - 2024-06-10 13:28:28 --> Session: Class initialized using 'CodeIgniter\Session\Handlers\FileHandler' driver.
CRITICAL - 2024-06-10 13:28:28 --> ErrorException: Undefined variable $title
[Method: GET, Route: login]
in APPPATH\Views\layouts\main.php on line 9.
 1 APPPATH\Views\layouts\main.php(9): CodeIgniter\Debug\Exceptions->errorHandler(2, 'Undefined variable $title', 'D:\\laragon\\www\\LAPORANPRAKTIKUM6\\app\\Views\\layouts\\main.php', 9)
 2 SYSTEMPATH\View\View.php(234): include('D:\\laragon\\www\\LAPORANPRAKTIKUM6\\app\\Views\\layouts\\main.php')
 3 SYSTEMPATH\View\View.php(237): CodeIgniter\View\View->CodeIgniter\View\{closure}()
 4 SYSTEMPATH\View\View.php(250): CodeIgniter\View\View->render('layouts/main', [], true)
 5 SYSTEMPATH\Common.php(1171): CodeIgniter\View\View->render('auth/login', [], true)
 6 APPPATH\Controllers\LoginController.php(13): view('auth/login')
 7 SYSTEMPATH\CodeIgniter.php(933): App\Controllers\LoginController->index()
 8 SYSTEMPATH\CodeIgniter.php(509): CodeIgniter\CodeIgniter->runController(Object(App\Controllers\LoginController))
 9 SYSTEMPATH\CodeIgniter.php(355): CodeIgniter\CodeIgniter->handleRequest(null, Object(Config\Cache), false)
10 SYSTEMPATH\Boot.php(312): CodeIgniter\CodeIgniter->run()
11 SYSTEMPATH\Boot.php(67): CodeIgniter\Boot::runCodeIgniter(Object(CodeIgniter\CodeIgniter))
12 FCPATH\index.php(56): CodeIgniter\Boot::bootWeb(Object(Config\Paths))
13 SYSTEMPATH\Commands\Server\rewrite.php(49): require_once('D:\\laragon\\www\\LAPORANPRAKTIKUM6\\public\\index.php')
INFO - 2024-06-10 13:28:36 --> Session: Class initialized using 'CodeIgniter\Session\Handlers\FileHandler' driver.
CRITICAL - 2024-06-10 13:28:36 --> ErrorException: Undefined variable $title
[Method: GET, Route: login]
in APPPATH\Views\layouts\main.php on line 9.
 1 APPPATH\Views\layouts\main.php(9): CodeIgniter\Debug\Exceptions->errorHandler(2, 'Undefined variable $title', 'D:\\laragon\\www\\LAPORANPRAKTIKUM6\\app\\Views\\layouts\\main.php', 9)
 2 SYSTEMPATH\View\View.php(234): include('D:\\laragon\\www\\LAPORANPRAKTIKUM6\\app\\Views\\layouts\\main.php')
 3 SYSTEMPATH\View\View.php(237): CodeIgniter\View\View->CodeIgniter\View\{closure}()
 4 SYSTEMPATH\View\View.php(250): CodeIgniter\View\View->render('layouts/main', [], true)
 5 SYSTEMPATH\Common.php(1171): CodeIgniter\View\View->render('auth/login', [], true)
 6 APPPATH\Controllers\LoginController.php(13): view('auth/login')
 7 SYSTEMPATH\CodeIgniter.php(933): App\Controllers\LoginController->index()
 8 SYSTEMPATH\CodeIgniter.php(509): CodeIgniter\CodeIgniter->runController(Object(App\Controllers\LoginController))
 9 SYSTEMPATH\CodeIgniter.php(355): CodeIgniter\CodeIgniter->handleRequest(null, Object(Config\Cache), false)
10 SYSTEMPATH\Boot.php(312): CodeIgniter\CodeIgniter->run()
11 SYSTEMPATH\Boot.php(67): CodeIgniter\Boot::runCodeIgniter(Object(CodeIgniter\CodeIgniter))
12 FCPATH\index.php(56): CodeIgniter\Boot::bootWeb(Object(Config\Paths))
13 SYSTEMPATH\Commands\Server\rewrite.php(49): require_once('D:\\laragon\\www\\LAPORANPRAKTIKUM6\\public\\index.php')
INFO - 2024-06-10 13:30:34 --> Session: Class initialized using 'CodeIgniter\Session\Handlers\FileHandler' driver.
INFO - 2024-06-10 13:30:37 --> Session: Class initialized using 'CodeIgniter\Session\Handlers\FileHandler' driver.
DEBUG - 2024-06-10 13:30:47 --> Email: 2210817210032@mhs.ulm.ac.id
DEBUG - 2024-06-10 13:30:47 --> Password: 12345678
ERROR - 2024-06-10 13:30:47 --> Error connecting to the database: mysqli_sql_exception: Access denied for user 'root'@'localhost' (using password: NO) in D:\laragon\www\LAPORANPRAKTIKUM6\vendor\codeigniter4\framework\system\Database\MySQLi\Connection.php:186
Stack trace:
#0 D:\laragon\www\LAPORANPRAKTIKUM6\vendor\codeigniter4\framework\system\Database\MySQLi\Connection.php(186): mysqli->real_connect('localhost', 'root', Object(SensitiveParameterValue), 'modul6', 3306, '', 0)
#1 D:\laragon\www\LAPORANPRAKTIKUM6\vendor\codeigniter4\framework\system\Database\BaseConnection.php(421): CodeIgniter\Database\MySQLi\Connection->connect(false)
#2 D:\laragon\www\LAPORANPRAKTIKUM6\vendor\codeigniter4\framework\system\Database\BaseConnection.php(604): CodeIgniter\Database\BaseConnection->initialize()
#3 D:\laragon\www\LAPORANPRAKTIKUM6\vendor\codeigniter4\framework\system\Database\BaseBuilder.php(1629): CodeIgniter\Database\BaseConnection->query('SELECT *\nFROM `...', Array, false)
#4 D:\laragon\www\LAPORANPRAKTIKUM6\vendor\codeigniter4\framework\system\Model.php(319): CodeIgniter\Database\BaseBuilder->get()
#5 D:\laragon\www\LAPORANPRAKTIKUM6\vendor\codeigniter4\framework\system\BaseModel.php(714): CodeIgniter\Model->doFirst()
#6 D:\laragon\www\LAPORANPRAKTIKUM6\app\Controllers\LoginController.php(27): CodeIgniter\BaseModel->first()
#7 D:\laragon\www\LAPORANPRAKTIKUM6\vendor\codeigniter4\framework\system\CodeIgniter.php(933): App\Controllers\LoginController->login()
#8 D:\laragon\www\LAPORANPRAKTIKUM6\vendor\codeigniter4\framework\system\CodeIgniter.php(509): CodeIgniter\CodeIgniter->runController(Object(App\Controllers\LoginController))
#9 D:\laragon\www\LAPORANPRAKTIKUM6\vendor\codeigniter4\framework\system\CodeIgniter.php(355): CodeIgniter\CodeIgniter->handleRequest(NULL, Object(Config\Cache), false)
#10 D:\laragon\www\LAPORANPRAKTIKUM6\vendor\codeigniter4\framework\system\Boot.php(312): CodeIgniter\CodeIgniter->run()
#11 D:\laragon\www\LAPORANPRAKTIKUM6\vendor\codeigniter4\framework\system\Boot.php(67): CodeIgniter\Boot::runCodeIgniter(Object(CodeIgniter\CodeIgniter))
#12 D:\laragon\www\LAPORANPRAKTIKUM6\public\index.php(56): CodeIgniter\Boot::bootWeb(Object(Config\Paths))
#13 D:\laragon\www\LAPORANPRAKTIKUM6\vendor\codeigniter4\framework\system\Commands\Server\rewrite.php(49): require_once('D:\\laragon\\www\\...')
#14 {main}

Next CodeIgniter\Database\Exceptions\DatabaseException: Access denied for user '****'@'localhost' (using password: NO) in D:\laragon\www\LAPORANPRAKTIKUM6\vendor\codeigniter4\framework\system\Database\MySQLi\Connection.php:231
Stack trace:
#0 D:\laragon\www\LAPORANPRAKTIKUM6\vendor\codeigniter4\framework\system\Database\BaseConnection.php(421): CodeIgniter\Database\MySQLi\Connection->connect(false)
#1 D:\laragon\www\LAPORANPRAKTIKUM6\vendor\codeigniter4\framework\system\Database\BaseConnection.php(604): CodeIgniter\Database\BaseConnection->initialize()
#2 D:\laragon\www\LAPORANPRAKTIKUM6\vendor\codeigniter4\framework\system\Database\BaseBuilder.php(1629): CodeIgniter\Database\BaseConnection->query('SELECT *\nFROM `...', Array, false)
#3 D:\laragon\www\LAPORANPRAKTIKUM6\vendor\codeigniter4\framework\system\Model.php(319): CodeIgniter\Database\BaseBuilder->get()
#4 D:\laragon\www\LAPORANPRAKTIKUM6\vendor\codeigniter4\framework\system\BaseModel.php(714): CodeIgniter\Model->doFirst()
#5 D:\laragon\www\LAPORANPRAKTIKUM6\app\Controllers\LoginController.php(27): CodeIgniter\BaseModel->first()
#6 D:\laragon\www\LAPORANPRAKTIKUM6\vendor\codeigniter4\framework\system\CodeIgniter.php(933): App\Controllers\LoginController->login()
#7 D:\laragon\www\LAPORANPRAKTIKUM6\vendor\codeigniter4\framework\system\CodeIgniter.php(509): CodeIgniter\CodeIgniter->runController(Object(App\Controllers\LoginController))
#8 D:\laragon\www\LAPORANPRAKTIKUM6\vendor\codeigniter4\framework\system\CodeIgniter.php(355): CodeIgniter\CodeIgniter->handleRequest(NULL, Object(Config\Cache), false)
#9 D:\laragon\www\LAPORANPRAKTIKUM6\vendor\codeigniter4\framework\system\Boot.php(312): CodeIgniter\CodeIgniter->run()
#10 D:\laragon\www\LAPORANPRAKTIKUM6\vendor\codeigniter4\framework\system\Boot.php(67): CodeIgniter\Boot::runCodeIgniter(Object(CodeIgniter\CodeIgniter))
#11 D:\laragon\www\LAPORANPRAKTIKUM6\public\index.php(56): CodeIgniter\Boot::bootWeb(Object(Config\Paths))
#12 D:\laragon\www\LAPORANPRAKTIKUM6\vendor\codeigniter4\framework\system\Commands\Server\rewrite.php(49): require_once('D:\\laragon\\www\\...')
#13 {main}
CRITICAL - 2024-06-10 13:30:47 --> CodeIgniter\Database\Exceptions\DatabaseException: Unable to connect to the database.
Main connection [MySQLi]: Access denied for user '****'@'localhost' (using password: NO)
[Method: POST, Route: login]
in SYSTEMPATH\Database\BaseConnection.php on line 457.
 1 SYSTEMPATH\Database\BaseConnection.php(604): CodeIgniter\Database\BaseConnection->initialize()
 2 SYSTEMPATH\Database\BaseBuilder.php(1629): CodeIgniter\Database\BaseConnection->query('SELECT *
FROM `user`
WHERE `email` = :email:
 LIMIT 1', [...], false)
 3 SYSTEMPATH\Model.php(319): CodeIgniter\Database\BaseBuilder->get()
 4 SYSTEMPATH\BaseModel.php(714): CodeIgniter\Model->doFirst()
 5 APPPATH\Controllers\LoginController.php(27): CodeIgniter\BaseModel->first()
 6 SYSTEMPATH\CodeIgniter.php(933): App\Controllers\LoginController->login()
 7 SYSTEMPATH\CodeIgniter.php(509): CodeIgniter\CodeIgniter->runController(Object(App\Controllers\LoginController))
 8 SYSTEMPATH\CodeIgniter.php(355): CodeIgniter\CodeIgniter->handleRequest(null, Object(Config\Cache), false)
 9 SYSTEMPATH\Boot.php(312): CodeIgniter\CodeIgniter->run()
10 SYSTEMPATH\Boot.php(67): CodeIgniter\Boot::runCodeIgniter(Object(CodeIgniter\CodeIgniter))
11 FCPATH\index.php(56): CodeIgniter\Boot::bootWeb(Object(Config\Paths))
12 SYSTEMPATH\Commands\Server\rewrite.php(49): require_once('D:\\laragon\\www\\LAPORANPRAKTIKUM6\\public\\index.php')
INFO - 2024-06-10 13:31:09 --> Session: Class initialized using 'CodeIgniter\Session\Handlers\FileHandler' driver.
INFO - 2024-06-10 13:50:43 --> Session: Class initialized using 'CodeIgniter\Session\Handlers\FileHandler' driver.
INFO - 2024-06-10 13:51:49 --> Session: Class initialized using 'CodeIgniter\Session\Handlers\FileHandler' driver.
INFO - 2024-06-10 13:55:55 --> Session: Class initialized using 'CodeIgniter\Session\Handlers\FileHandler' driver.
CRITICAL - 2024-06-10 13:55:56 --> CodeIgniter\View\Exceptions\ViewException: Invalid file: "layout/main.php"
[Method: GET, Route: register]
in SYSTEMPATH\Exceptions\FrameworkException.php on line 41.
 1 SYSTEMPATH\View\View.php(222): CodeIgniter\Exceptions\FrameworkException::forInvalidFile('layout/main.php')
 2 SYSTEMPATH\View\View.php(250): CodeIgniter\View\View->render('layout/main', [], true)
 3 SYSTEMPATH\Common.php(1171): CodeIgniter\View\View->render('auth/register', [], true)
 4 APPPATH\Controllers\RegisterController.php(25): view('auth/register', [...])
 5 SYSTEMPATH\CodeIgniter.php(933): App\Controllers\RegisterController->index()
 6 SYSTEMPATH\CodeIgniter.php(509): CodeIgniter\CodeIgniter->runController(Object(App\Controllers\RegisterController))
 7 SYSTEMPATH\CodeIgniter.php(355): CodeIgniter\CodeIgniter->handleRequest(null, Object(Config\Cache), false)
 8 SYSTEMPATH\Boot.php(312): CodeIgniter\CodeIgniter->run()
 9 SYSTEMPATH\Boot.php(67): CodeIgniter\Boot::runCodeIgniter(Object(CodeIgniter\CodeIgniter))
10 FCPATH\index.php(56): CodeIgniter\Boot::bootWeb(Object(Config\Paths))
11 SYSTEMPATH\Commands\Server\rewrite.php(49): require_once('D:\\laragon\\www\\LAPORANPRAKTIKUM6\\public\\index.php')
INFO - 2024-06-10 13:55:58 --> Session: Class initialized using 'CodeIgniter\Session\Handlers\FileHandler' driver.
CRITICAL - 2024-06-10 13:55:58 --> CodeIgniter\View\Exceptions\ViewException: Invalid file: "layout/main.php"
[Method: GET, Route: register]
in SYSTEMPATH\Exceptions\FrameworkException.php on line 41.
 1 SYSTEMPATH\View\View.php(222): CodeIgniter\Exceptions\FrameworkException::forInvalidFile('layout/main.php')
 2 SYSTEMPATH\View\View.php(250): CodeIgniter\View\View->render('layout/main', [], true)
 3 SYSTEMPATH\Common.php(1171): CodeIgniter\View\View->render('auth/register', [], true)
 4 APPPATH\Controllers\RegisterController.php(25): view('auth/register', [...])
 5 SYSTEMPATH\CodeIgniter.php(933): App\Controllers\RegisterController->index()
 6 SYSTEMPATH\CodeIgniter.php(509): CodeIgniter\CodeIgniter->runController(Object(App\Controllers\RegisterController))
 7 SYSTEMPATH\CodeIgniter.php(355): CodeIgniter\CodeIgniter->handleRequest(null, Object(Config\Cache), false)
 8 SYSTEMPATH\Boot.php(312): CodeIgniter\CodeIgniter->run()
 9 SYSTEMPATH\Boot.php(67): CodeIgniter\Boot::runCodeIgniter(Object(CodeIgniter\CodeIgniter))
10 FCPATH\index.php(56): CodeIgniter\Boot::bootWeb(Object(Config\Paths))
11 SYSTEMPATH\Commands\Server\rewrite.php(49): require_once('D:\\laragon\\www\\LAPORANPRAKTIKUM6\\public\\index.php')
INFO - 2024-06-10 13:56:37 --> Session: Class initialized using 'CodeIgniter\Session\Handlers\FileHandler' driver.
INFO - 2024-06-10 15:48:02 --> Session: Class initialized using 'CodeIgniter\Session\Handlers\FileHandler' driver.
ERROR - 2024-06-10 15:48:13 --> Error connecting to the database: mysqli_sql_exception: No connection could be made because the target machine actively refused it in D:\laragon\www\LAPORANPRAKTIKUM6\vendor\codeigniter4\framework\system\Database\MySQLi\Connection.php:186
Stack trace:
#0 D:\laragon\www\LAPORANPRAKTIKUM6\vendor\codeigniter4\framework\system\Database\MySQLi\Connection.php(186): mysqli->real_connect('localhost', 'root', Object(SensitiveParameterValue), 'modul6', 3306, '', 0)
#1 D:\laragon\www\LAPORANPRAKTIKUM6\vendor\codeigniter4\framework\system\Database\BaseConnection.php(421): CodeIgniter\Database\MySQLi\Connection->connect(false)
#2 D:\laragon\www\LAPORANPRAKTIKUM6\vendor\codeigniter4\framework\system\Database\BaseConnection.php(604): CodeIgniter\Database\BaseConnection->initialize()
#3 D:\laragon\www\LAPORANPRAKTIKUM6\vendor\codeigniter4\framework\system\Database\BaseBuilder.php(1629): CodeIgniter\Database\BaseConnection->query('SELECT *\nFROM `...', Array, false)
#4 D:\laragon\www\LAPORANPRAKTIKUM6\vendor\codeigniter4\framework\system\Model.php(275): CodeIgniter\Database\BaseBuilder->get()
#5 D:\laragon\www\LAPORANPRAKTIKUM6\vendor\codeigniter4\framework\system\BaseModel.php(676): CodeIgniter\Model->doFindAll(0, 0)
#6 D:\laragon\www\LAPORANPRAKTIKUM6\app\Controllers\BukuController.php(14): CodeIgniter\BaseModel->findAll()
#7 D:\laragon\www\LAPORANPRAKTIKUM6\vendor\codeigniter4\framework\system\CodeIgniter.php(933): App\Controllers\BukuController->index()
#8 D:\laragon\www\LAPORANPRAKTIKUM6\vendor\codeigniter4\framework\system\CodeIgniter.php(509): CodeIgniter\CodeIgniter->runController(Object(App\Controllers\BukuController))
#9 D:\laragon\www\LAPORANPRAKTIKUM6\vendor\codeigniter4\framework\system\CodeIgniter.php(355): CodeIgniter\CodeIgniter->handleRequest(NULL, Object(Config\Cache), false)
#10 D:\laragon\www\LAPORANPRAKTIKUM6\vendor\codeigniter4\framework\system\Boot.php(312): CodeIgniter\CodeIgniter->run()
#11 D:\laragon\www\LAPORANPRAKTIKUM6\vendor\codeigniter4\framework\system\Boot.php(67): CodeIgniter\Boot::runCodeIgniter(Object(CodeIgniter\CodeIgniter))
#12 D:\laragon\www\LAPORANPRAKTIKUM6\public\index.php(56): CodeIgniter\Boot::bootWeb(Object(Config\Paths))
#13 D:\laragon\www\LAPORANPRAKTIKUM6\vendor\codeigniter4\framework\system\Commands\Server\rewrite.php(49): require_once('D:\\laragon\\www\\...')
#14 {main}

Next CodeIgniter\Database\Exceptions\DatabaseException: No connection could be made because the target machine actively refused it in D:\laragon\www\LAPORANPRAKTIKUM6\vendor\codeigniter4\framework\system\Database\MySQLi\Connection.php:231
Stack trace:
#0 D:\laragon\www\LAPORANPRAKTIKUM6\vendor\codeigniter4\framework\system\Database\BaseConnection.php(421): CodeIgniter\Database\MySQLi\Connection->connect(false)
#1 D:\laragon\www\LAPORANPRAKTIKUM6\vendor\codeigniter4\framework\system\Database\BaseConnection.php(604): CodeIgniter\Database\BaseConnection->initialize()
#2 D:\laragon\www\LAPORANPRAKTIKUM6\vendor\codeigniter4\framework\system\Database\BaseBuilder.php(1629): CodeIgniter\Database\BaseConnection->query('SELECT *\nFROM `...', Array, false)
#3 D:\laragon\www\LAPORANPRAKTIKUM6\vendor\codeigniter4\framework\system\Model.php(275): CodeIgniter\Database\BaseBuilder->get()
#4 D:\laragon\www\LAPORANPRAKTIKUM6\vendor\codeigniter4\framework\system\BaseModel.php(676): CodeIgniter\Model->doFindAll(0, 0)
#5 D:\laragon\www\LAPORANPRAKTIKUM6\app\Controllers\BukuController.php(14): CodeIgniter\BaseModel->findAll()
#6 D:\laragon\www\LAPORANPRAKTIKUM6\vendor\codeigniter4\framework\system\CodeIgniter.php(933): App\Controllers\BukuController->index()
#7 D:\laragon\www\LAPORANPRAKTIKUM6\vendor\codeigniter4\framework\system\CodeIgniter.php(509): CodeIgniter\CodeIgniter->runController(Object(App\Controllers\BukuController))
#8 D:\laragon\www\LAPORANPRAKTIKUM6\vendor\codeigniter4\framework\system\CodeIgniter.php(355): CodeIgniter\CodeIgniter->handleRequest(NULL, Object(Config\Cache), false)
#9 D:\laragon\www\LAPORANPRAKTIKUM6\vendor\codeigniter4\framework\system\Boot.php(312): CodeIgniter\CodeIgniter->run()
#10 D:\laragon\www\LAPORANPRAKTIKUM6\vendor\codeigniter4\framework\system\Boot.php(67): CodeIgniter\Boot::runCodeIgniter(Object(CodeIgniter\CodeIgniter))
#11 D:\laragon\www\LAPORANPRAKTIKUM6\public\index.php(56): CodeIgniter\Boot::bootWeb(Object(Config\Paths))
#12 D:\laragon\www\LAPORANPRAKTIKUM6\vendor\codeigniter4\framework\system\Commands\Server\rewrite.php(49): require_once('D:\\laragon\\www\\...')
#13 {main}
CRITICAL - 2024-06-10 15:48:13 --> CodeIgniter\Database\Exceptions\DatabaseException: Unable to connect to the database.
Main connection [MySQLi]: No connection could be made because the target machine actively refused it
[Method: GET, Route: buku]
in SYSTEMPATH\Database\BaseConnection.php on line 457.
 1 SYSTEMPATH\Database\BaseConnection.php(604): CodeIgniter\Database\BaseConnection->initialize()
 2 SYSTEMPATH\Database\BaseBuilder.php(1629): CodeIgniter\Database\BaseConnection->query('SELECT *
FROM `buku`', [], false)
 3 SYSTEMPATH\Model.php(275): CodeIgniter\Database\BaseBuilder->get()
 4 SYSTEMPATH\BaseModel.php(676): CodeIgniter\Model->doFindAll(0, 0)
 5 APPPATH\Controllers\BukuController.php(14): CodeIgniter\BaseModel->findAll()
 6 SYSTEMPATH\CodeIgniter.php(933): App\Controllers\BukuController->index()
 7 SYSTEMPATH\CodeIgniter.php(509): CodeIgniter\CodeIgniter->runController(Object(App\Controllers\BukuController))
 8 SYSTEMPATH\CodeIgniter.php(355): CodeIgniter\CodeIgniter->handleRequest(null, Object(Config\Cache), false)
 9 SYSTEMPATH\Boot.php(312): CodeIgniter\CodeIgniter->run()
10 SYSTEMPATH\Boot.php(67): CodeIgniter\Boot::runCodeIgniter(Object(CodeIgniter\CodeIgniter))
11 FCPATH\index.php(56): CodeIgniter\Boot::bootWeb(Object(Config\Paths))
12 SYSTEMPATH\Commands\Server\rewrite.php(49): require_once('D:\\laragon\\www\\LAPORANPRAKTIKUM6\\public\\index.php')
INFO - 2024-06-10 15:59:20 --> Session: Class initialized using 'CodeIgniter\Session\Handlers\FileHandler' driver.
CRITICAL - 2024-06-10 16:25:20 --> CodeIgniter\Filters\Exceptions\FilterException: "auth" filter must have a matching alias defined.
[Method: GET, Route: buku]
in SYSTEMPATH\Filters\Filters.php on line 495.
 1 SYSTEMPATH\Filters\Filters.php(495): CodeIgniter\Filters\Exceptions\FilterException::forNoAlias('auth')
 2 SYSTEMPATH\Filters\Filters.php(547): CodeIgniter\Filters\Filters->enableFilter('auth', 'before')
 3 SYSTEMPATH\CodeIgniter.php(469): CodeIgniter\Filters\Filters->enableFilters([...], 'before')
 4 SYSTEMPATH\CodeIgniter.php(355): CodeIgniter\CodeIgniter->handleRequest(null, Object(Config\Cache), false)
 5 SYSTEMPATH\Boot.php(312): CodeIgniter\CodeIgniter->run()
 6 SYSTEMPATH\Boot.php(67): CodeIgniter\Boot::runCodeIgniter(Object(CodeIgniter\CodeIgniter))
 7 FCPATH\index.php(56): CodeIgniter\Boot::bootWeb(Object(Config\Paths))
 8 SYSTEMPATH\Commands\Server\rewrite.php(49): require_once('D:\\laragon\\www\\LAPORANPRAKTIKUM6\\public\\index.php')
CRITICAL - 2024-06-10 16:25:22 --> CodeIgniter\Filters\Exceptions\FilterException: "auth" filter must have a matching alias defined.
[Method: GET, Route: buku]
in SYSTEMPATH\Filters\Filters.php on line 495.
 1 SYSTEMPATH\Filters\Filters.php(495): CodeIgniter\Filters\Exceptions\FilterException::forNoAlias('auth')
 2 SYSTEMPATH\Filters\Filters.php(547): CodeIgniter\Filters\Filters->enableFilter('auth', 'before')
 3 SYSTEMPATH\CodeIgniter.php(469): CodeIgniter\Filters\Filters->enableFilters([...], 'before')
 4 SYSTEMPATH\CodeIgniter.php(355): CodeIgniter\CodeIgniter->handleRequest(null, Object(Config\Cache), false)
 5 SYSTEMPATH\Boot.php(312): CodeIgniter\CodeIgniter->run()
 6 SYSTEMPATH\Boot.php(67): CodeIgniter\Boot::runCodeIgniter(Object(CodeIgniter\CodeIgniter))
 7 FCPATH\index.php(56): CodeIgniter\Boot::bootWeb(Object(Config\Paths))
 8 SYSTEMPATH\Commands\Server\rewrite.php(49): require_once('D:\\laragon\\www\\LAPORANPRAKTIKUM6\\public\\index.php')
INFO - 2024-06-10 16:29:09 --> Session: Class initialized using 'CodeIgniter\Session\Handlers\FileHandler' driver.
INFO - 2024-06-10 16:29:10 --> Session: Class initialized using 'CodeIgniter\Session\Handlers\FileHandler' driver.
DEBUG - 2024-06-10 16:30:31 --> Email: 2210817210032@mhs.ulm.ac.id
DEBUG - 2024-06-10 16:30:31 --> Password: 12345678
INFO - 2024-06-10 16:30:32 --> Session: Class initialized using 'CodeIgniter\Session\Handlers\FileHandler' driver.
INFO - 2024-06-10 16:30:33 --> Session: Class initialized using 'CodeIgniter\Session\Handlers\FileHandler' driver.
INFO - 2024-06-10 16:34:16 --> Session: Class initialized using 'CodeIgniter\Session\Handlers\FileHandler' driver.
INFO - 2024-06-10 16:34:18 --> Session: Class initialized using 'CodeIgniter\Session\Handlers\FileHandler' driver.
INFO - 2024-06-10 16:43:42 --> Session: Class initialized using 'CodeIgniter\Session\Handlers\FileHandler' driver.
INFO - 2024-06-10 16:43:46 --> Session: Class initialized using 'CodeIgniter\Session\Handlers\FileHandler' driver.
INFO - 2024-06-10 16:44:03 --> Session: Class initialized using 'CodeIgniter\Session\Handlers\FileHandler' driver.
INFO - 2024-06-10 16:44:16 --> Session: Class initialized using 'CodeIgniter\Session\Handlers\FileHandler' driver.
INFO - 2024-06-10 16:47:15 --> Session: Class initialized using 'CodeIgniter\Session\Handlers\FileHandler' driver.
INFO - 2024-06-10 16:47:17 --> Session: Class initialized using 'CodeIgniter\Session\Handlers\FileHandler' driver.
DEBUG - 2024-06-10 16:47:31 --> Email: Email@email.com
DEBUG - 2024-06-10 16:47:31 --> Password: 12345678
INFO - 2024-06-10 16:47:32 --> Session: Class initialized using 'CodeIgniter\Session\Handlers\FileHandler' driver.
INFO - 2024-06-10 16:47:33 --> Session: Class initialized using 'CodeIgniter\Session\Handlers\FileHandler' driver.
INFO - 2024-06-10 16:47:39 --> Session: Class initialized using 'CodeIgniter\Session\Handlers\FileHandler' driver.
